<?xml version="1.0" encoding="utf-8"?>
<TestRun id="84e552b6-5b29-41cf-9c98-7777b96fcb2b" name="User1@MAGNUS 2024-05-08 15:17:51" runUser="MAGNUS\User1" xmlns="http://microsoft.com/schemas/VisualStudio/TeamTest/2010">
  <Times creation="2024-05-08T15:17:51.3552220+10:00" queuing="2024-05-08T15:17:51.3552222+10:00" start="2024-05-08T15:17:50.9046457+10:00" finish="2024-05-08T15:17:51.3587995+10:00" />
  <TestSettings name="default" id="53c55dc4-16be-4c13-b76b-4866a440de47">
    <Deployment runDeploymentRoot="User1_MAGNUS_2024-05-08_15_17_51" />
  </TestSettings>
  <Results>
    <UnitTestResult executionId="d2d25224-c9a2-4e9a-bc18-5e02909f1e7f" testId="948e8e73-cb5e-ff7e-8883-199183b04e32" testName="Bank.Tests.UnitTest1.Test1" computerName="MAGNUS" duration="00:00:00.0035877" startTime="2024-05-08T15:17:51.2913964+10:00" endTime="2024-05-08T15:17:51.2914072+10:00" testType="13cdc9d9-ddb5-4fa4-a97d-d965ccfc6d4b" outcome="Passed" testListId="8c84fa94-04c1-424b-9868-57a2d4851a1d" relativeResultsDirectory="d2d25224-c9a2-4e9a-bc18-5e02909f1e7f" />
  </Results>
  <TestDefinitions>
    <UnitTest name="Bank.Tests.UnitTest1.Test1" storage="c:\users\genov\source\repos\jenkinspipeline\bank.tests\bin\debug\net8.0\bank.tests.dll" id="948e8e73-cb5e-ff7e-8883-199183b04e32">
      <Execution id="d2d25224-c9a2-4e9a-bc18-5e02909f1e7f" />
      <TestMethod codeBase="C:\Users\genov\source\repos\JenkinsPipeLine\Bank.Tests\bin\Debug\net8.0\Bank.Tests.dll" adapterTypeName="executor://xunit/VsTestRunner2/netcoreapp" className="Bank.Tests.UnitTest1" name="Test1" />
    </UnitTest>
  </TestDefinitions>
  <TestEntries>
    <TestEntry testId="948e8e73-cb5e-ff7e-8883-199183b04e32" executionId="d2d25224-c9a2-4e9a-bc18-5e02909f1e7f" testListId="8c84fa94-04c1-424b-9868-57a2d4851a1d" />
  </TestEntries>
  <TestLists>
    <TestList name="Results Not in a List" id="8c84fa94-04c1-424b-9868-57a2d4851a1d" />
    <TestList name="All Loaded Results" id="19431567-8539-422a-85d7-44ee4e166bda" />
  </TestLists>
  <ResultSummary outcome="Completed">
    <Counters total="1" executed="1" passed="1" failed="0" error="0" timeout="0" aborted="0" inconclusive="0" passedButRunAborted="0" notRunnable="0" notExecuted="0" disconnected="0" warning="0" completed="0" inProgress="0" pending="0" />
    <Output>
      <StdOut>[xUnit.net 00:00:00.00] xUnit.net VSTest Adapter v2.5.3.1+6b60a9e56a (64-bit .NET 8.0.2)&#xD;
[xUnit.net 00:00:00.04]   Discovering: Bank.Tests&#xD;
[xUnit.net 00:00:00.06]   Discovered:  Bank.Tests&#xD;
[xUnit.net 00:00:00.06]   Starting:    Bank.Tests&#xD;
[xUnit.net 00:00:00.10]   Finished:    Bank.Tests&#xD;
</StdOut>
    </Output>
  </ResultSummary>
</TestRun>